The system is: Linux - 4.18.0-168.el8.x86_64 - x86_64
Compiling the C compiler identification source file "CMakeCCompilerId.c" succeeded.
Compiler: /home/hiseric1/.linuxbrew/bin/cc 
Build flags: 
Id flags:  

The output was:
0


Compilation of the C compiler identification source "CMakeCCompilerId.c" produced "a.out"

The C compiler identification is GNU, found in "/home/hiseric1/Desktop/DMproject/NussinovDM/src/build/CMakeFiles/3.16.3/CompilerIdC/a.out"

Compiling the CXX compiler identification source file "CMakeCXXCompilerId.cpp" succeeded.
Compiler: /home/hiseric1/.linuxbrew/bin/g++ 
Build flags: 
Id flags:  

The output was:
0


Compilation of the CXX compiler identification source "CMakeCXXCompilerId.cpp" produced "a.out"

The CXX compiler identification is GNU, found in "/home/hiseric1/Desktop/DMproject/NussinovDM/src/build/CMakeFiles/3.16.3/CompilerIdCXX/a.out"

Determining if the C compiler works passed with the following output:
Change Dir: /home/hiseric1/Desktop/DMproject/NussinovDM/src/build/CMakeFiles/CMakeTmp

Run Build Command(s):/usr/bin/gmake cmTC_a2168/fast && /usr/bin/gmake -f CMakeFiles/cmTC_a2168.dir/build.make CMakeFiles/cmTC_a2168.dir/build
gmake[1]: Entering directory '/home/hiseric1/Desktop/DMproject/NussinovDM/src/build/CMakeFiles/CMakeTmp'
Building C object CMakeFiles/cmTC_a2168.dir/testCCompiler.c.o
/home/hiseric1/.linuxbrew/bin/cc    -o CMakeFiles/cmTC_a2168.dir/testCCompiler.c.o   -c /home/hiseric1/Desktop/DMproject/NussinovDM/src/build/CMakeFiles/CMakeTmp/testCCompiler.c
Linking C executable cmTC_a2168
/home/hiseric1/.linuxbrew/Cellar/cmake/3.16.3/bin/cmake -E cmake_link_script CMakeFiles/cmTC_a2168.dir/link.txt --verbose=1
/home/hiseric1/.linuxbrew/bin/cc      -rdynamic CMakeFiles/cmTC_a2168.dir/testCCompiler.c.o  -o cmTC_a2168 
gmake[1]: Leaving directory '/home/hiseric1/Desktop/DMproject/NussinovDM/src/build/CMakeFiles/CMakeTmp'



Detecting C compiler ABI info compiled with the following output:
Change Dir: /home/hiseric1/Desktop/DMproject/NussinovDM/src/build/CMakeFiles/CMakeTmp

Run Build Command(s):/usr/bin/gmake cmTC_f57ca/fast && /usr/bin/gmake -f CMakeFiles/cmTC_f57ca.dir/build.make CMakeFiles/cmTC_f57ca.dir/build
gmake[1]: Entering directory '/home/hiseric1/Desktop/DMproject/NussinovDM/src/build/CMakeFiles/CMakeTmp'
Building C object CMakeFiles/cmTC_f57ca.dir/CMakeCCompilerABI.c.o
/home/hiseric1/.linuxbrew/bin/cc   -v -o CMakeFiles/cmTC_f57ca.dir/CMakeCCompilerABI.c.o   -c /home/hiseric1/.linuxbrew/Cellar/cmake/3.16.3/share/cmake/Modules/CMakeCCompilerABI.c
Reading specs from /home/hiseric1/.linuxbrew/Cellar/gcc/5.5.0_7/bin/../lib/gcc/x86_64-unknown-linux-gnu/5.5.0/specs
COLLECT_GCC=/home/hiseric1/.linuxbrew/bin/cc
Target: x86_64-unknown-linux-gnu
Configured with: ../configure --prefix=/home/linuxbrew/.linuxbrew/Cellar/gcc/5.5.0_7 --disable-nls --enable-checking=release --enable-languages=c,c++,objc,obj-c++,fortran --program-suffix=-5 --with-gmp=/home/linuxbrew/.linuxbrew/opt/gmp --with-mpfr=/home/linuxbrew/.linuxbrew/opt/mpfr --with-mpc=/home/linuxbrew/.linuxbrew/opt/libmpc --with-pkgversion='Homebrew GCC 5.5.0_7' --with-isl=/home/linuxbrew/.linuxbrew/opt/isl@0.18 --with-bugurl=https://github.com/Homebrew/linuxbrew-core/issues --with-boot-ldflags='-static-libstdc++ -static-libgcc ' --disable-multilib
Thread model: posix
gcc version 5.5.0 (Homebrew GCC 5.5.0_7) 
COLLECT_GCC_OPTIONS='-v' '-o' 'CMakeFiles/cmTC_f57ca.dir/CMakeCCompilerABI.c.o' '-c' '-mtune=generic' '-march=x86-64'
 /home/hiseric1/.linuxbrew/Cellar/gcc/5.5.0_7/bin/../libexec/gcc/x86_64-unknown-linux-gnu/5.5.0/cc1 -quiet -v -imultiarch x86_64-linux-gnu -iprefix /home/hiseric1/.linuxbrew/Cellar/gcc/5.5.0_7/bin/../lib/gcc/x86_64-unknown-linux-gnu/5.5.0/ /home/hiseric1/.linuxbrew/Cellar/cmake/3.16.3/share/cmake/Modules/CMakeCCompilerABI.c -isysroot /home/hiseric1/.linuxbrew/nonexistent -idirafter /home/hiseric1/.linuxbrew/include -idirafter /usr/include/x86_64-linux-gnu -idirafter /usr/include -quiet -dumpbase CMakeCCompilerABI.c -mtune=generic -march=x86-64 -auxbase-strip CMakeFiles/cmTC_f57ca.dir/CMakeCCompilerABI.c.o -version -o /tmp/ccySH3Ag.s
GNU C11 (Homebrew GCC 5.5.0_7) version 5.5.0 (x86_64-unknown-linux-gnu)
	compiled by GNU C version 5.5.0, GMP version 6.1.2, MPFR version 4.0.2, MPC version 1.1.0
GGC heuristics: --param ggc-min-expand=100 --param ggc-min-heapsize=131072
ignoring nonexistent directory "/home/hiseric1/.linuxbrew/Cellar/gcc/5.5.0_7/bin/../lib/gcc/x86_64-unknown-linux-gnu/5.5.0/../../../../x86_64-unknown-linux-gnu/include"
ignoring duplicate directory "/home/hiseric1/.linuxbrew/Cellar/gcc/5.5.0_7/bin/../lib/gcc/../../lib/gcc/x86_64-unknown-linux-gnu/5.5.0/include"
ignoring nonexistent directory "/home/hiseric1/.linuxbrew/nonexistent/usr/local/include/x86_64-linux-gnu"
ignoring nonexistent directory "/home/hiseric1/.linuxbrew/nonexistent/usr/local/include"
ignoring duplicate directory "/home/hiseric1/.linuxbrew/Cellar/gcc/5.5.0_7/bin/../lib/gcc/../../lib/gcc/x86_64-unknown-linux-gnu/5.5.0/include-fixed"
ignoring nonexistent directory "/home/hiseric1/.linuxbrew/Cellar/gcc/5.5.0_7/bin/../lib/gcc/../../lib/gcc/x86_64-unknown-linux-gnu/5.5.0/../../../../x86_64-unknown-linux-gnu/include"
ignoring nonexistent directory "/home/hiseric1/.linuxbrew/nonexistent/usr/include/x86_64-linux-gnu"
ignoring nonexistent directory "/home/hiseric1/.linuxbrew/nonexistent/usr/include"
ignoring nonexistent directory "/usr/include/x86_64-linux-gnu"
#include "..." search starts here:
#include <...> search starts here:
 /home/hiseric1/.linuxbrew/Cellar/gcc/5.5.0_7/bin/../lib/gcc/x86_64-unknown-linux-gnu/5.5.0/include
 /home/hiseric1/.linuxbrew/Cellar/gcc/5.5.0_7/bin/../lib/gcc/x86_64-unknown-linux-gnu/5.5.0/include-fixed
 /home/hiseric1/.linuxbrew/Cellar/gcc/5.5.0_7/bin/../lib/gcc/../../include
 /home/hiseric1/.linuxbrew/include
 /usr/include
End of search list.
GNU C11 (Homebrew GCC 5.5.0_7) version 5.5.0 (x86_64-unknown-linux-gnu)
	compiled by GNU C version 5.5.0, GMP version 6.1.2, MPFR version 4.0.2, MPC version 1.1.0
GGC heuristics: --param ggc-min-expand=100 --param ggc-min-heapsize=131072
Compiler executable checksum: dd2098097044f004c3fa9906302a33dd
COLLECT_GCC_OPTIONS='-v' '-o' 'CMakeFiles/cmTC_f57ca.dir/CMakeCCompilerABI.c.o' '-c' '-mtune=generic' '-march=x86-64'
 as -v --64 -o CMakeFiles/cmTC_f57ca.dir/CMakeCCompilerABI.c.o /tmp/ccySH3Ag.s
GNU assembler version 2.33.1 (x86_64-pc-linux-gnu) using BFD version (GNU Binutils) 2.33.1
COMPILER_PATH=/home/hiseric1/.linuxbrew/Cellar/gcc/5.5.0_7/bin/../libexec/gcc/x86_64-unknown-linux-gnu/5.5.0/:/home/hiseric1/.linuxbrew/Cellar/gcc/5.5.0_7/bin/../libexec/gcc/
LIBRARY_PATH=/home/hiseric1/.linuxbrew/Cellar/gcc/5.5.0_7/bin/../lib/gcc/x86_64-unknown-linux-gnu/5.5.0/:/home/hiseric1/.linuxbrew/Cellar/gcc/5.5.0_7/bin/../lib/gcc/:/home/hiseric1/.linuxbrew/Cellar/gcc/5.5.0_7/bin/../lib/gcc/x86_64-unknown-linux-gnu/5.5.0/../../../:/lib/:/usr/lib/
COLLECT_GCC_OPTIONS='-v' '-o' 'CMakeFiles/cmTC_f57ca.dir/CMakeCCompilerABI.c.o' '-c' '-mtune=generic' '-march=x86-64'
Linking C executable cmTC_f57ca
/home/hiseric1/.linuxbrew/Cellar/cmake/3.16.3/bin/cmake -E cmake_link_script CMakeFiles/cmTC_f57ca.dir/link.txt --verbose=1
/home/hiseric1/.linuxbrew/bin/cc     -v -rdynamic CMakeFiles/cmTC_f57ca.dir/CMakeCCompilerABI.c.o  -o cmTC_f57ca 
Reading specs from /home/hiseric1/.linuxbrew/Cellar/gcc/5.5.0_7/bin/../lib/gcc/x86_64-unknown-linux-gnu/5.5.0/specs
COLLECT_GCC=/home/hiseric1/.linuxbrew/bin/cc
COLLECT_LTO_WRAPPER=/home/hiseric1/.linuxbrew/Cellar/gcc/5.5.0_7/bin/../libexec/gcc/x86_64-unknown-linux-gnu/5.5.0/lto-wrapper
Target: x86_64-unknown-linux-gnu
Configured with: ../configure --prefix=/home/linuxbrew/.linuxbrew/Cellar/gcc/5.5.0_7 --disable-nls --enable-checking=release --enable-languages=c,c++,objc,obj-c++,fortran --program-suffix=-5 --with-gmp=/home/linuxbrew/.linuxbrew/opt/gmp --with-mpfr=/home/linuxbrew/.linuxbrew/opt/mpfr --with-mpc=/home/linuxbrew/.linuxbrew/opt/libmpc --with-pkgversion='Homebrew GCC 5.5.0_7' --with-isl=/home/linuxbrew/.linuxbrew/opt/isl@0.18 --with-bugurl=https://github.com/Homebrew/linuxbrew-core/issues --with-boot-ldflags='-static-libstdc++ -static-libgcc ' --disable-multilib
Thread model: posix
gcc version 5.5.0 (Homebrew GCC 5.5.0_7) 
COMPILER_PATH=/home/hiseric1/.linuxbrew/Cellar/gcc/5.5.0_7/bin/../libexec/gcc/x86_64-unknown-linux-gnu/5.5.0/:/home/hiseric1/.linuxbrew/Cellar/gcc/5.5.0_7/bin/../libexec/gcc/
LIBRARY_PATH=/home/hiseric1/.linuxbrew/Cellar/gcc/5.5.0_7/bin/../lib/gcc/x86_64-unknown-linux-gnu/5.5.0/:/home/hiseric1/.linuxbrew/Cellar/gcc/5.5.0_7/bin/../lib/gcc/:/home/hiseric1/.linuxbrew/Cellar/gcc/5.5.0_7/bin/../lib/gcc/x86_64-unknown-linux-gnu/5.5.0/../../../:/lib/:/usr/lib/
COLLECT_GCC_OPTIONS='-v' '-rdynamic' '-o' 'cmTC_f57ca' '-mtune=generic' '-march=x86-64'
 /home/hiseric1/.linuxbrew/Cellar/gcc/5.5.0_7/bin/../libexec/gcc/x86_64-unknown-linux-gnu/5.5.0/collect2 -plugin /home/hiseric1/.linuxbrew/Cellar/gcc/5.5.0_7/bin/../libexec/gcc/x86_64-unknown-linux-gnu/5.5.0/liblto_plugin.so -plugin-opt=/home/hiseric1/.linuxbrew/Cellar/gcc/5.5.0_7/bin/../libexec/gcc/x86_64-unknown-linux-gnu/5.5.0/lto-wrapper -plugin-opt=-fresolution=/tmp/cc40eY9j.res -plugin-opt=-pass-through=-lgcc -plugin-opt=-pass-through=-lgcc_s -plugin-opt=-pass-through=-lc -plugin-opt=-pass-through=-lgcc -plugin-opt=-pass-through=-lgcc_s --eh-frame-hdr -m elf_x86_64 -export-dynamic -dynamic-linker /lib64/ld-linux-x86-64.so.2 --dynamic-linker /home/hiseric1/.linuxbrew/lib/ld.so -rpath /home/hiseric1/.linuxbrew/lib -o cmTC_f57ca /home/hiseric1/.linuxbrew/Cellar/gcc/5.5.0_7/bin/../lib/gcc/x86_64-unknown-linux-gnu/5.5.0/crt1.o /home/hiseric1/.linuxbrew/Cellar/gcc/5.5.0_7/bin/../lib/gcc/x86_64-unknown-linux-gnu/5.5.0/crti.o /home/hiseric1/.linuxbrew/Cellar/gcc/5.5.0_7/bin/../lib/gcc/x86_64-unknown-linux-gnu/5.5.0/crtbegin.o -L/home/hiseric1/.linuxbrew/Cellar/gcc/5.5.0_7/bin/../lib/gcc/x86_64-unknown-linux-gnu/5.5.0 -L/home/hiseric1/.linuxbrew/Cellar/gcc/5.5.0_7/bin/../lib/gcc -L/home/hiseric1/.linuxbrew/Cellar/gcc/5.5.0_7/bin/../lib/gcc/x86_64-unknown-linux-gnu/5.5.0/../../.. -L/home/hiseric1/.linuxbrew/lib CMakeFiles/cmTC_f57ca.dir/CMakeCCompilerABI.c.o -lgcc --as-needed -lgcc_s --no-as-needed -lc -lgcc --as-needed -lgcc_s --no-as-needed /home/hiseric1/.linuxbrew/Cellar/gcc/5.5.0_7/bin/../lib/gcc/x86_64-unknown-linux-gnu/5.5.0/crtend.o /home/hiseric1/.linuxbrew/Cellar/gcc/5.5.0_7/bin/../lib/gcc/x86_64-unknown-linux-gnu/5.5.0/crtn.o
gmake[1]: Leaving directory '/home/hiseric1/Desktop/DMproject/NussinovDM/src/build/CMakeFiles/CMakeTmp'



Parsed C implicit include dir info from above output: rv=done
  found start of include info
  found start of implicit include info
    add: [/home/hiseric1/.linuxbrew/Cellar/gcc/5.5.0_7/bin/../lib/gcc/x86_64-unknown-linux-gnu/5.5.0/include]
    add: [/home/hiseric1/.linuxbrew/Cellar/gcc/5.5.0_7/bin/../lib/gcc/x86_64-unknown-linux-gnu/5.5.0/include-fixed]
    add: [/home/hiseric1/.linuxbrew/Cellar/gcc/5.5.0_7/bin/../lib/gcc/../../include]
    add: [/home/hiseric1/.linuxbrew/include]
    add: [/usr/include]
  end of search list found
  collapse include dir [/home/hiseric1/.linuxbrew/Cellar/gcc/5.5.0_7/bin/../lib/gcc/x86_64-unknown-linux-gnu/5.5.0/include] ==> [/home/hiseric1/.linuxbrew/Cellar/gcc/5.5.0_7/lib/gcc/x86_64-unknown-linux-gnu/5.5.0/include]
  collapse include dir [/home/hiseric1/.linuxbrew/Cellar/gcc/5.5.0_7/bin/../lib/gcc/x86_64-unknown-linux-gnu/5.5.0/include-fixed] ==> [/home/hiseric1/.linuxbrew/Cellar/gcc/5.5.0_7/lib/gcc/x86_64-unknown-linux-gnu/5.5.0/include-fixed]
  collapse include dir [/home/hiseric1/.linuxbrew/Cellar/gcc/5.5.0_7/bin/../lib/gcc/../../include] ==> [/home/hiseric1/.linuxbrew/Cellar/gcc/5.5.0_7/include]
  collapse include dir [/home/hiseric1/.linuxbrew/include] ==> [/home/hiseric1/.linuxbrew/include]
  collapse include dir [/usr/include] ==> [/usr/include]
  implicit include dirs: [/home/hiseric1/.linuxbrew/Cellar/gcc/5.5.0_7/lib/gcc/x86_64-unknown-linux-gnu/5.5.0/include;/home/hiseric1/.linuxbrew/Cellar/gcc/5.5.0_7/lib/gcc/x86_64-unknown-linux-gnu/5.5.0/include-fixed;/home/hiseric1/.linuxbrew/Cellar/gcc/5.5.0_7/include;/home/hiseric1/.linuxbrew/include;/usr/include]


Parsed C implicit link information from above output:
  link line regex: [^( *|.*[/\])(ld|CMAKE_LINK_STARTFILE-NOTFOUND|([^/\]+-)?ld|collect2)[^/\]*( |$)]
  ignore line: [Change Dir: /home/hiseric1/Desktop/DMproject/NussinovDM/src/build/CMakeFiles/CMakeTmp]
  ignore line: []
  ignore line: [Run Build Command(s):/usr/bin/gmake cmTC_f57ca/fast && /usr/bin/gmake -f CMakeFiles/cmTC_f57ca.dir/build.make CMakeFiles/cmTC_f57ca.dir/build]
  ignore line: [gmake[1]: Entering directory '/home/hiseric1/Desktop/DMproject/NussinovDM/src/build/CMakeFiles/CMakeTmp']
  ignore line: [Building C object CMakeFiles/cmTC_f57ca.dir/CMakeCCompilerABI.c.o]
  ignore line: [/home/hiseric1/.linuxbrew/bin/cc   -v -o CMakeFiles/cmTC_f57ca.dir/CMakeCCompilerABI.c.o   -c /home/hiseric1/.linuxbrew/Cellar/cmake/3.16.3/share/cmake/Modules/CMakeCCompilerABI.c]
  ignore line: [Reading specs from /home/hiseric1/.linuxbrew/Cellar/gcc/5.5.0_7/bin/../lib/gcc/x86_64-unknown-linux-gnu/5.5.0/specs]
  ignore line: [COLLECT_GCC=/home/hiseric1/.linuxbrew/bin/cc]
  ignore line: [Target: x86_64-unknown-linux-gnu]
  ignore line: [Configured with: ../configure --prefix=/home/linuxbrew/.linuxbrew/Cellar/gcc/5.5.0_7 --disable-nls --enable-checking=release --enable-languages=c,c++,objc,obj-c++,fortran --program-suffix=-5 --with-gmp=/home/linuxbrew/.linuxbrew/opt/gmp --with-mpfr=/home/linuxbrew/.linuxbrew/opt/mpfr --with-mpc=/home/linuxbrew/.linuxbrew/opt/libmpc --with-pkgversion='Homebrew GCC 5.5.0_7' --with-isl=/home/linuxbrew/.linuxbrew/opt/isl@0.18 --with-bugurl=https://github.com/Homebrew/linuxbrew-core/issues --with-boot-ldflags='-static-libstdc++ -static-libgcc ' --disable-multilib]
  ignore line: [Thread model: posix]
  ignore line: [gcc version 5.5.0 (Homebrew GCC 5.5.0_7) ]
  ignore line: [COLLECT_GCC_OPTIONS='-v' '-o' 'CMakeFiles/cmTC_f57ca.dir/CMakeCCompilerABI.c.o' '-c' '-mtune=generic' '-march=x86-64']
  ignore line: [ /home/hiseric1/.linuxbrew/Cellar/gcc/5.5.0_7/bin/../libexec/gcc/x86_64-unknown-linux-gnu/5.5.0/cc1 -quiet -v -imultiarch x86_64-linux-gnu -iprefix /home/hiseric1/.linuxbrew/Cellar/gcc/5.5.0_7/bin/../lib/gcc/x86_64-unknown-linux-gnu/5.5.0/ /home/hiseric1/.linuxbrew/Cellar/cmake/3.16.3/share/cmake/Modules/CMakeCCompilerABI.c -isysroot /home/hiseric1/.linuxbrew/nonexistent -idirafter /home/hiseric1/.linuxbrew/include -idirafter /usr/include/x86_64-linux-gnu -idirafter /usr/include -quiet -dumpbase CMakeCCompilerABI.c -mtune=generic -march=x86-64 -auxbase-strip CMakeFiles/cmTC_f57ca.dir/CMakeCCompilerABI.c.o -version -o /tmp/ccySH3Ag.s]
  ignore line: [GNU C11 (Homebrew GCC 5.5.0_7) version 5.5.0 (x86_64-unknown-linux-gnu)]
  ignore line: [	compiled by GNU C version 5.5.0  GMP version 6.1.2  MPFR version 4.0.2  MPC version 1.1.0]
  ignore line: [GGC heuristics: --param ggc-min-expand=100 --param ggc-min-heapsize=131072]
  ignore line: [ignoring nonexistent directory "/home/hiseric1/.linuxbrew/Cellar/gcc/5.5.0_7/bin/../lib/gcc/x86_64-unknown-linux-gnu/5.5.0/../../../../x86_64-unknown-linux-gnu/include"]
  ignore line: [ignoring duplicate directory "/home/hiseric1/.linuxbrew/Cellar/gcc/5.5.0_7/bin/../lib/gcc/../../lib/gcc/x86_64-unknown-linux-gnu/5.5.0/include"]
  ignore line: [ignoring nonexistent directory "/home/hiseric1/.linuxbrew/nonexistent/usr/local/include/x86_64-linux-gnu"]
  ignore line: [ignoring nonexistent directory "/home/hiseric1/.linuxbrew/nonexistent/usr/local/include"]
  ignore line: [ignoring duplicate directory "/home/hiseric1/.linuxbrew/Cellar/gcc/5.5.0_7/bin/../lib/gcc/../../lib/gcc/x86_64-unknown-linux-gnu/5.5.0/include-fixed"]
  ignore line: [ignoring nonexistent directory "/home/hiseric1/.linuxbrew/Cellar/gcc/5.5.0_7/bin/../lib/gcc/../../lib/gcc/x86_64-unknown-linux-gnu/5.5.0/../../../../x86_64-unknown-linux-gnu/include"]
  ignore line: [ignoring nonexistent directory "/home/hiseric1/.linuxbrew/nonexistent/usr/include/x86_64-linux-gnu"]
  ignore line: [ignoring nonexistent directory "/home/hiseric1/.linuxbrew/nonexistent/usr/include"]
  ignore line: [ignoring nonexistent directory "/usr/include/x86_64-linux-gnu"]
  ignore line: [#include "..." search starts here:]
  ignore line: [#include <...> search starts here:]
  ignore line: [ /home/hiseric1/.linuxbrew/Cellar/gcc/5.5.0_7/bin/../lib/gcc/x86_64-unknown-linux-gnu/5.5.0/include]
  ignore line: [ /home/hiseric1/.linuxbrew/Cellar/gcc/5.5.0_7/bin/../lib/gcc/x86_64-unknown-linux-gnu/5.5.0/include-fixed]
  ignore line: [ /home/hiseric1/.linuxbrew/Cellar/gcc/5.5.0_7/bin/../lib/gcc/../../include]
  ignore line: [ /home/hiseric1/.linuxbrew/include]
  ignore line: [ /usr/include]
  ignore line: [End of search list.]
  ignore line: [GNU C11 (Homebrew GCC 5.5.0_7) version 5.5.0 (x86_64-unknown-linux-gnu)]
  ignore line: [	compiled by GNU C version 5.5.0  GMP version 6.1.2  MPFR version 4.0.2  MPC version 1.1.0]
  ignore line: [GGC heuristics: --param ggc-min-expand=100 --param ggc-min-heapsize=131072]
  ignore line: [Compiler executable checksum: dd2098097044f004c3fa9906302a33dd]
  ignore line: [COLLECT_GCC_OPTIONS='-v' '-o' 'CMakeFiles/cmTC_f57ca.dir/CMakeCCompilerABI.c.o' '-c' '-mtune=generic' '-march=x86-64']
  ignore line: [ as -v --64 -o CMakeFiles/cmTC_f57ca.dir/CMakeCCompilerABI.c.o /tmp/ccySH3Ag.s]
  ignore line: [GNU assembler version 2.33.1 (x86_64-pc-linux-gnu) using BFD version (GNU Binutils) 2.33.1]
  ignore line: [COMPILER_PATH=/home/hiseric1/.linuxbrew/Cellar/gcc/5.5.0_7/bin/../libexec/gcc/x86_64-unknown-linux-gnu/5.5.0/:/home/hiseric1/.linuxbrew/Cellar/gcc/5.5.0_7/bin/../libexec/gcc/]
  ignore line: [LIBRARY_PATH=/home/hiseric1/.linuxbrew/Cellar/gcc/5.5.0_7/bin/../lib/gcc/x86_64-unknown-linux-gnu/5.5.0/:/home/hiseric1/.linuxbrew/Cellar/gcc/5.5.0_7/bin/../lib/gcc/:/home/hiseric1/.linuxbrew/Cellar/gcc/5.5.0_7/bin/../lib/gcc/x86_64-unknown-linux-gnu/5.5.0/../../../:/lib/:/usr/lib/]
  ignore line: [COLLECT_GCC_OPTIONS='-v' '-o' 'CMakeFiles/cmTC_f57ca.dir/CMakeCCompilerABI.c.o' '-c' '-mtune=generic' '-march=x86-64']
  ignore line: [Linking C executable cmTC_f57ca]
  ignore line: [/home/hiseric1/.linuxbrew/Cellar/cmake/3.16.3/bin/cmake -E cmake_link_script CMakeFiles/cmTC_f57ca.dir/link.txt --verbose=1]
  ignore line: [/home/hiseric1/.linuxbrew/bin/cc     -v -rdynamic CMakeFiles/cmTC_f57ca.dir/CMakeCCompilerABI.c.o  -o cmTC_f57ca ]
  ignore line: [Reading specs from /home/hiseric1/.linuxbrew/Cellar/gcc/5.5.0_7/bin/../lib/gcc/x86_64-unknown-linux-gnu/5.5.0/specs]
  ignore line: [COLLECT_GCC=/home/hiseric1/.linuxbrew/bin/cc]
  ignore line: [COLLECT_LTO_WRAPPER=/home/hiseric1/.linuxbrew/Cellar/gcc/5.5.0_7/bin/../libexec/gcc/x86_64-unknown-linux-gnu/5.5.0/lto-wrapper]
  ignore line: [Target: x86_64-unknown-linux-gnu]
  ignore line: [Configured with: ../configure --prefix=/home/linuxbrew/.linuxbrew/Cellar/gcc/5.5.0_7 --disable-nls --enable-checking=release --enable-languages=c,c++,objc,obj-c++,fortran --program-suffix=-5 --with-gmp=/home/linuxbrew/.linuxbrew/opt/gmp --with-mpfr=/home/linuxbrew/.linuxbrew/opt/mpfr --with-mpc=/home/linuxbrew/.linuxbrew/opt/libmpc --with-pkgversion='Homebrew GCC 5.5.0_7' --with-isl=/home/linuxbrew/.linuxbrew/opt/isl@0.18 --with-bugurl=https://github.com/Homebrew/linuxbrew-core/issues --with-boot-ldflags='-static-libstdc++ -static-libgcc ' --disable-multilib]
  ignore line: [Thread model: posix]
  ignore line: [gcc version 5.5.0 (Homebrew GCC 5.5.0_7) ]
  ignore line: [COMPILER_PATH=/home/hiseric1/.linuxbrew/Cellar/gcc/5.5.0_7/bin/../libexec/gcc/x86_64-unknown-linux-gnu/5.5.0/:/home/hiseric1/.linuxbrew/Cellar/gcc/5.5.0_7/bin/../libexec/gcc/]
  ignore line: [LIBRARY_PATH=/home/hiseric1/.linuxbrew/Cellar/gcc/5.5.0_7/bin/../lib/gcc/x86_64-unknown-linux-gnu/5.5.0/:/home/hiseric1/.linuxbrew/Cellar/gcc/5.5.0_7/bin/../lib/gcc/:/home/hiseric1/.linuxbrew/Cellar/gcc/5.5.0_7/bin/../lib/gcc/x86_64-unknown-linux-gnu/5.5.0/../../../:/lib/:/usr/lib/]
  ignore line: [COLLECT_GCC_OPTIONS='-v' '-rdynamic' '-o' 'cmTC_f57ca' '-mtune=generic' '-march=x86-64']
  link line: [ /home/hiseric1/.linuxbrew/Cellar/gcc/5.5.0_7/bin/../libexec/gcc/x86_64-unknown-linux-gnu/5.5.0/collect2 -plugin /home/hiseric1/.linuxbrew/Cellar/gcc/5.5.0_7/bin/../libexec/gcc/x86_64-unknown-linux-gnu/5.5.0/liblto_plugin.so -plugin-opt=/home/hiseric1/.linuxbrew/Cellar/gcc/5.5.0_7/bin/../libexec/gcc/x86_64-unknown-linux-gnu/5.5.0/lto-wrapper -plugin-opt=-fresolution=/tmp/cc40eY9j.res -plugin-opt=-pass-through=-lgcc -plugin-opt=-pass-through=-lgcc_s -plugin-opt=-pass-through=-lc -plugin-opt=-pass-through=-lgcc -plugin-opt=-pass-through=-lgcc_s --eh-frame-hdr -m elf_x86_64 -export-dynamic -dynamic-linker /lib64/ld-linux-x86-64.so.2 --dynamic-linker /home/hiseric1/.linuxbrew/lib/ld.so -rpath /home/hiseric1/.linuxbrew/lib -o cmTC_f57ca /home/hiseric1/.linuxbrew/Cellar/gcc/5.5.0_7/bin/../lib/gcc/x86_64-unknown-linux-gnu/5.5.0/crt1.o /home/hiseric1/.linuxbrew/Cellar/gcc/5.5.0_7/bin/../lib/gcc/x86_64-unknown-linux-gnu/5.5.0/crti.o /home/hiseric1/.linuxbrew/Cellar/gcc/5.5.0_7/bin/../lib/gcc/x86_64-unknown-linux-gnu/5.5.0/crtbegin.o -L/home/hiseric1/.linuxbrew/Cellar/gcc/5.5.0_7/bin/../lib/gcc/x86_64-unknown-linux-gnu/5.5.0 -L/home/hiseric1/.linuxbrew/Cellar/gcc/5.5.0_7/bin/../lib/gcc -L/home/hiseric1/.linuxbrew/Cellar/gcc/5.5.0_7/bin/../lib/gcc/x86_64-unknown-linux-gnu/5.5.0/../../.. -L/home/hiseric1/.linuxbrew/lib CMakeFiles/cmTC_f57ca.dir/CMakeCCompilerABI.c.o -lgcc --as-needed -lgcc_s --no-as-needed -lc -lgcc --as-needed -lgcc_s --no-as-needed /home/hiseric1/.linuxbrew/Cellar/gcc/5.5.0_7/bin/../lib/gcc/x86_64-unknown-linux-gnu/5.5.0/crtend.o /home/hiseric1/.linuxbrew/Cellar/gcc/5.5.0_7/bin/../lib/gcc/x86_64-unknown-linux-gnu/5.5.0/crtn.o]
    arg [/home/hiseric1/.linuxbrew/Cellar/gcc/5.5.0_7/bin/../libexec/gcc/x86_64-unknown-linux-gnu/5.5.0/collect2] ==> ignore
    arg [-plugin] ==> ignore
    arg [/home/hiseric1/.linuxbrew/Cellar/gcc/5.5.0_7/bin/../libexec/gcc/x86_64-unknown-linux-gnu/5.5.0/liblto_plugin.so] ==> ignore
    arg [-plugin-opt=/home/hiseric1/.linuxbrew/Cellar/gcc/5.5.0_7/bin/../libexec/gcc/x86_64-unknown-linux-gnu/5.5.0/lto-wrapper] ==> ignore
    arg [-plugin-opt=-fresolution=/tmp/cc40eY9j.res] ==> ignore
    arg [-plugin-opt=-pass-through=-lgcc] ==> ignore
    arg [-plugin-opt=-pass-through=-lgcc_s] ==> ignore
    arg [-plugin-opt=-pass-through=-lc] ==> ignore
    arg [-plugin-opt=-pass-through=-lgcc] ==> ignore
    arg [-plugin-opt=-pass-through=-lgcc_s] ==> ignore
    arg [--eh-frame-hdr] ==> ignore
    arg [-m] ==> ignore
    arg [elf_x86_64] ==> ignore
    arg [-export-dynamic] ==> ignore
    arg [-dynamic-linker] ==> ignore
    arg [/lib64/ld-linux-x86-64.so.2] ==> ignore
    arg [--dynamic-linker] ==> ignore
    arg [/home/hiseric1/.linuxbrew/lib/ld.so] ==> ignore
    arg [-rpath] ==> ignore
    arg [/home/hiseric1/.linuxbrew/lib] ==> ignore
    arg [-o] ==> ignore
    arg [cmTC_f57ca] ==> ignore
    arg [/home/hiseric1/.linuxbrew/Cellar/gcc/5.5.0_7/bin/../lib/gcc/x86_64-unknown-linux-gnu/5.5.0/crt1.o] ==> ignore
    arg [/home/hiseric1/.linuxbrew/Cellar/gcc/5.5.0_7/bin/../lib/gcc/x86_64-unknown-linux-gnu/5.5.0/crti.o] ==> ignore
    arg [/home/hiseric1/.linuxbrew/Cellar/gcc/5.5.0_7/bin/../lib/gcc/x86_64-unknown-linux-gnu/5.5.0/crtbegin.o] ==> ignore
    arg [-L/home/hiseric1/.linuxbrew/Cellar/gcc/5.5.0_7/bin/../lib/gcc/x86_64-unknown-linux-gnu/5.5.0] ==> dir [/home/hiseric1/.linuxbrew/Cellar/gcc/5.5.0_7/bin/../lib/gcc/x86_64-unknown-linux-gnu/5.5.0]
    arg [-L/home/hiseric1/.linuxbrew/Cellar/gcc/5.5.0_7/bin/../lib/gcc] ==> dir [/home/hiseric1/.linuxbrew/Cellar/gcc/5.5.0_7/bin/../lib/gcc]
    arg [-L/home/hiseric1/.linuxbrew/Cellar/gcc/5.5.0_7/bin/../lib/gcc/x86_64-unknown-linux-gnu/5.5.0/../../..] ==> dir [/home/hiseric1/.linuxbrew/Cellar/gcc/5.5.0_7/bin/../lib/gcc/x86_64-unknown-linux-gnu/5.5.0/../../..]
    arg [-L/home/hiseric1/.linuxbrew/lib] ==> dir [/home/hiseric1/.linuxbrew/lib]
    arg [CMakeFiles/cmTC_f57ca.dir/CMakeCCompilerABI.c.o] ==> ignore
    arg [-lgcc] ==> lib [gcc]
    arg [--as-needed] ==> ignore
    arg [-lgcc_s] ==> lib [gcc_s]
    arg [--no-as-needed] ==> ignore
    arg [-lc] ==> lib [c]
    arg [-lgcc] ==> lib [gcc]
    arg [--as-needed] ==> ignore
    arg [-lgcc_s] ==> lib [gcc_s]
    arg [--no-as-needed] ==> ignore
    arg [/home/hiseric1/.linuxbrew/Cellar/gcc/5.5.0_7/bin/../lib/gcc/x86_64-unknown-linux-gnu/5.5.0/crtend.o] ==> ignore
    arg [/home/hiseric1/.linuxbrew/Cellar/gcc/5.5.0_7/bin/../lib/gcc/x86_64-unknown-linux-gnu/5.5.0/crtn.o] ==> ignore
  collapse library dir [/home/hiseric1/.linuxbrew/Cellar/gcc/5.5.0_7/bin/../lib/gcc/x86_64-unknown-linux-gnu/5.5.0] ==> [/home/hiseric1/.linuxbrew/Cellar/gcc/5.5.0_7/lib/gcc/x86_64-unknown-linux-gnu/5.5.0]
  collapse library dir [/home/hiseric1/.linuxbrew/Cellar/gcc/5.5.0_7/bin/../lib/gcc] ==> [/home/hiseric1/.linuxbrew/Cellar/gcc/5.5.0_7/lib/gcc]
  collapse library dir [/home/hiseric1/.linuxbrew/Cellar/gcc/5.5.0_7/bin/../lib/gcc/x86_64-unknown-linux-gnu/5.5.0/../../..] ==> [/home/hiseric1/.linuxbrew/Cellar/gcc/5.5.0_7/lib]
  collapse library dir [/home/hiseric1/.linuxbrew/lib] ==> [/home/hiseric1/.linuxbrew/lib]
  implicit libs: [gcc;gcc_s;c;gcc;gcc_s]
  implicit dirs: [/home/hiseric1/.linuxbrew/Cellar/gcc/5.5.0_7/lib/gcc/x86_64-unknown-linux-gnu/5.5.0;/home/hiseric1/.linuxbrew/Cellar/gcc/5.5.0_7/lib/gcc;/home/hiseric1/.linuxbrew/Cellar/gcc/5.5.0_7/lib;/home/hiseric1/.linuxbrew/lib]
  implicit fwks: []


Determining if the CXX compiler works passed with the following output:
Change Dir: /home/hiseric1/Desktop/DMproject/NussinovDM/src/build/CMakeFiles/CMakeTmp

Run Build Command(s):/usr/bin/gmake cmTC_433f1/fast && /usr/bin/gmake -f CMakeFiles/cmTC_433f1.dir/build.make CMakeFiles/cmTC_433f1.dir/build
gmake[1]: Entering directory '/home/hiseric1/Desktop/DMproject/NussinovDM/src/build/CMakeFiles/CMakeTmp'
Building CXX object CMakeFiles/cmTC_433f1.dir/testCXXCompiler.cxx.o
/home/hiseric1/.linuxbrew/bin/g++     -o CMakeFiles/cmTC_433f1.dir/testCXXCompiler.cxx.o -c /home/hiseric1/Desktop/DMproject/NussinovDM/src/build/CMakeFiles/CMakeTmp/testCXXCompiler.cxx
Linking CXX executable cmTC_433f1
/home/hiseric1/.linuxbrew/Cellar/cmake/3.16.3/bin/cmake -E cmake_link_script CMakeFiles/cmTC_433f1.dir/link.txt --verbose=1
/home/hiseric1/.linuxbrew/bin/g++       -rdynamic CMakeFiles/cmTC_433f1.dir/testCXXCompiler.cxx.o  -o cmTC_433f1 
gmake[1]: Leaving directory '/home/hiseric1/Desktop/DMproject/NussinovDM/src/build/CMakeFiles/CMakeTmp'



Detecting CXX compiler ABI info compiled with the following output:
Change Dir: /home/hiseric1/Desktop/DMproject/NussinovDM/src/build/CMakeFiles/CMakeTmp

Run Build Command(s):/usr/bin/gmake cmTC_15506/fast && /usr/bin/gmake -f CMakeFiles/cmTC_15506.dir/build.make CMakeFiles/cmTC_15506.dir/build
gmake[1]: Entering directory '/home/hiseric1/Desktop/DMproject/NussinovDM/src/build/CMakeFiles/CMakeTmp'
Building CXX object CMakeFiles/cmTC_15506.dir/CMakeCXXCompilerABI.cpp.o
/home/hiseric1/.linuxbrew/bin/g++    -v -o CMakeFiles/cmTC_15506.dir/CMakeCXXCompilerABI.cpp.o -c /home/hiseric1/.linuxbrew/Cellar/cmake/3.16.3/share/cmake/Modules/CMakeCXXCompilerABI.cpp
Reading specs from /home/hiseric1/.linuxbrew/Cellar/gcc/5.5.0_7/bin/../lib/gcc/x86_64-unknown-linux-gnu/5.5.0/specs
COLLECT_GCC=/home/hiseric1/.linuxbrew/bin/g++
Target: x86_64-unknown-linux-gnu
Configured with: ../configure --prefix=/home/linuxbrew/.linuxbrew/Cellar/gcc/5.5.0_7 --disable-nls --enable-checking=release --enable-languages=c,c++,objc,obj-c++,fortran --program-suffix=-5 --with-gmp=/home/linuxbrew/.linuxbrew/opt/gmp --with-mpfr=/home/linuxbrew/.linuxbrew/opt/mpfr --with-mpc=/home/linuxbrew/.linuxbrew/opt/libmpc --with-pkgversion='Homebrew GCC 5.5.0_7' --with-isl=/home/linuxbrew/.linuxbrew/opt/isl@0.18 --with-bugurl=https://github.com/Homebrew/linuxbrew-core/issues --with-boot-ldflags='-static-libstdc++ -static-libgcc ' --disable-multilib
Thread model: posix
gcc version 5.5.0 (Homebrew GCC 5.5.0_7) 
COLLECT_GCC_OPTIONS='-v' '-o' 'CMakeFiles/cmTC_15506.dir/CMakeCXXCompilerABI.cpp.o' '-c' '-shared-libgcc' '-mtune=generic' '-march=x86-64'
 /home/hiseric1/.linuxbrew/Cellar/gcc/5.5.0_7/bin/../libexec/gcc/x86_64-unknown-linux-gnu/5.5.0/cc1plus -quiet -v -imultiarch x86_64-linux-gnu -iprefix /home/hiseric1/.linuxbrew/Cellar/gcc/5.5.0_7/bin/../lib/gcc/x86_64-unknown-linux-gnu/5.5.0/ -D_GNU_SOURCE /home/hiseric1/.linuxbrew/Cellar/cmake/3.16.3/share/cmake/Modules/CMakeCXXCompilerABI.cpp -isysroot /home/hiseric1/.linuxbrew/nonexistent -idirafter /home/hiseric1/.linuxbrew/include -idirafter /usr/include/x86_64-linux-gnu -idirafter /usr/include -quiet -dumpbase CMakeCXXCompilerABI.cpp -mtune=generic -march=x86-64 -auxbase-strip CMakeFiles/cmTC_15506.dir/CMakeCXXCompilerABI.cpp.o -version -o /tmp/ccbaljCj.s
GNU C++ (Homebrew GCC 5.5.0_7) version 5.5.0 (x86_64-unknown-linux-gnu)
	compiled by GNU C version 5.5.0, GMP version 6.1.2, MPFR version 4.0.2, MPC version 1.1.0
GGC heuristics: --param ggc-min-expand=100 --param ggc-min-heapsize=131072
ignoring nonexistent directory "/home/hiseric1/.linuxbrew/Cellar/gcc/5.5.0_7/bin/../lib/gcc/x86_64-unknown-linux-gnu/5.5.0/../../../../x86_64-unknown-linux-gnu/include"
ignoring duplicate directory "/home/hiseric1/.linuxbrew/Cellar/gcc/5.5.0_7/bin/../lib/gcc/../../lib/gcc/x86_64-unknown-linux-gnu/5.5.0/../../../../include/c++/5.5.0"
ignoring duplicate directory "/home/hiseric1/.linuxbrew/Cellar/gcc/5.5.0_7/bin/../lib/gcc/../../lib/gcc/x86_64-unknown-linux-gnu/5.5.0/../../../../include/c++/5.5.0/x86_64-unknown-linux-gnu"
ignoring duplicate directory "/home/hiseric1/.linuxbrew/Cellar/gcc/5.5.0_7/bin/../lib/gcc/../../lib/gcc/x86_64-unknown-linux-gnu/5.5.0/../../../../include/c++/5.5.0/backward"
ignoring duplicate directory "/home/hiseric1/.linuxbrew/Cellar/gcc/5.5.0_7/bin/../lib/gcc/../../lib/gcc/x86_64-unknown-linux-gnu/5.5.0/include"
ignoring nonexistent directory "/home/hiseric1/.linuxbrew/nonexistent/usr/local/include/x86_64-linux-gnu"
ignoring nonexistent directory "/home/hiseric1/.linuxbrew/nonexistent/usr/local/include"
ignoring duplicate directory "/home/hiseric1/.linuxbrew/Cellar/gcc/5.5.0_7/bin/../lib/gcc/../../lib/gcc/x86_64-unknown-linux-gnu/5.5.0/include-fixed"
ignoring nonexistent directory "/home/hiseric1/.linuxbrew/Cellar/gcc/5.5.0_7/bin/../lib/gcc/../../lib/gcc/x86_64-unknown-linux-gnu/5.5.0/../../../../x86_64-unknown-linux-gnu/include"
ignoring nonexistent directory "/home/hiseric1/.linuxbrew/nonexistent/usr/include/x86_64-linux-gnu"
ignoring nonexistent directory "/home/hiseric1/.linuxbrew/nonexistent/usr/include"
ignoring nonexistent directory "/usr/include/x86_64-linux-gnu"
#include "..." search starts here:
#include <...> search starts here:
 /home/hiseric1/.linuxbrew/Cellar/gcc/5.5.0_7/bin/../lib/gcc/x86_64-unknown-linux-gnu/5.5.0/../../../../include/c++/5.5.0
 /home/hiseric1/.linuxbrew/Cellar/gcc/5.5.0_7/bin/../lib/gcc/x86_64-unknown-linux-gnu/5.5.0/../../../../include/c++/5.5.0/x86_64-unknown-linux-gnu
 /home/hiseric1/.linuxbrew/Cellar/gcc/5.5.0_7/bin/../lib/gcc/x86_64-unknown-linux-gnu/5.5.0/../../../../include/c++/5.5.0/backward
 /home/hiseric1/.linuxbrew/Cellar/gcc/5.5.0_7/bin/../lib/gcc/x86_64-unknown-linux-gnu/5.5.0/include
 /home/hiseric1/.linuxbrew/Cellar/gcc/5.5.0_7/bin/../lib/gcc/x86_64-unknown-linux-gnu/5.5.0/include-fixed
 /home/hiseric1/.linuxbrew/Cellar/gcc/5.5.0_7/bin/../lib/gcc/../../include
 /home/hiseric1/.linuxbrew/include
 /usr/include
End of search list.
GNU C++ (Homebrew GCC 5.5.0_7) version 5.5.0 (x86_64-unknown-linux-gnu)
	compiled by GNU C version 5.5.0, GMP version 6.1.2, MPFR version 4.0.2, MPC version 1.1.0
GGC heuristics: --param ggc-min-expand=100 --param ggc-min-heapsize=131072
Compiler executable checksum: 921c3ddeb76fb3b719bb77912d222fe5
COLLECT_GCC_OPTIONS='-v' '-o' 'CMakeFiles/cmTC_15506.dir/CMakeCXXCompilerABI.cpp.o' '-c' '-shared-libgcc' '-mtune=generic' '-march=x86-64'
 as -v --64 -o CMakeFiles/cmTC_15506.dir/CMakeCXXCompilerABI.cpp.o /tmp/ccbaljCj.s
GNU assembler version 2.33.1 (x86_64-pc-linux-gnu) using BFD version (GNU Binutils) 2.33.1
COMPILER_PATH=/home/hiseric1/.linuxbrew/Cellar/gcc/5.5.0_7/bin/../libexec/gcc/x86_64-unknown-linux-gnu/5.5.0/:/home/hiseric1/.linuxbrew/Cellar/gcc/5.5.0_7/bin/../libexec/gcc/
LIBRARY_PATH=/home/hiseric1/.linuxbrew/Cellar/gcc/5.5.0_7/bin/../lib/gcc/x86_64-unknown-linux-gnu/5.5.0/:/home/hiseric1/.linuxbrew/Cellar/gcc/5.5.0_7/bin/../lib/gcc/:/home/hiseric1/.linuxbrew/Cellar/gcc/5.5.0_7/bin/../lib/gcc/x86_64-unknown-linux-gnu/5.5.0/../../../:/lib/:/usr/lib/
COLLECT_GCC_OPTIONS='-v' '-o' 'CMakeFiles/cmTC_15506.dir/CMakeCXXCompilerABI.cpp.o' '-c' '-shared-libgcc' '-mtune=generic' '-march=x86-64'
Linking CXX executable cmTC_15506
/home/hiseric1/.linuxbrew/Cellar/cmake/3.16.3/bin/cmake -E cmake_link_script CMakeFiles/cmTC_15506.dir/link.txt --verbose=1
/home/hiseric1/.linuxbrew/bin/g++      -v -rdynamic CMakeFiles/cmTC_15506.dir/CMakeCXXCompilerABI.cpp.o  -o cmTC_15506 
Reading specs from /home/hiseric1/.linuxbrew/Cellar/gcc/5.5.0_7/bin/../lib/gcc/x86_64-unknown-linux-gnu/5.5.0/specs
COLLECT_GCC=/home/hiseric1/.linuxbrew/bin/g++
COLLECT_LTO_WRAPPER=/home/hiseric1/.linuxbrew/Cellar/gcc/5.5.0_7/bin/../libexec/gcc/x86_64-unknown-linux-gnu/5.5.0/lto-wrapper
Target: x86_64-unknown-linux-gnu
Configured with: ../configure --prefix=/home/linuxbrew/.linuxbrew/Cellar/gcc/5.5.0_7 --disable-nls --enable-checking=release --enable-languages=c,c++,objc,obj-c++,fortran --program-suffix=-5 --with-gmp=/home/linuxbrew/.linuxbrew/opt/gmp --with-mpfr=/home/linuxbrew/.linuxbrew/opt/mpfr --with-mpc=/home/linuxbrew/.linuxbrew/opt/libmpc --with-pkgversion='Homebrew GCC 5.5.0_7' --with-isl=/home/linuxbrew/.linuxbrew/opt/isl@0.18 --with-bugurl=https://github.com/Homebrew/linuxbrew-core/issues --with-boot-ldflags='-static-libstdc++ -static-libgcc ' --disable-multilib
Thread model: posix
gcc version 5.5.0 (Homebrew GCC 5.5.0_7) 
COMPILER_PATH=/home/hiseric1/.linuxbrew/Cellar/gcc/5.5.0_7/bin/../libexec/gcc/x86_64-unknown-linux-gnu/5.5.0/:/home/hiseric1/.linuxbrew/Cellar/gcc/5.5.0_7/bin/../libexec/gcc/
LIBRARY_PATH=/home/hiseric1/.linuxbrew/Cellar/gcc/5.5.0_7/bin/../lib/gcc/x86_64-unknown-linux-gnu/5.5.0/:/home/hiseric1/.linuxbrew/Cellar/gcc/5.5.0_7/bin/../lib/gcc/:/home/hiseric1/.linuxbrew/Cellar/gcc/5.5.0_7/bin/../lib/gcc/x86_64-unknown-linux-gnu/5.5.0/../../../:/lib/:/usr/lib/
COLLECT_GCC_OPTIONS='-v' '-rdynamic' '-o' 'cmTC_15506' '-shared-libgcc' '-mtune=generic' '-march=x86-64'
 /home/hiseric1/.linuxbrew/Cellar/gcc/5.5.0_7/bin/../libexec/gcc/x86_64-unknown-linux-gnu/5.5.0/collect2 -plugin /home/hiseric1/.linuxbrew/Cellar/gcc/5.5.0_7/bin/../libexec/gcc/x86_64-unknown-linux-gnu/5.5.0/liblto_plugin.so -plugin-opt=/home/hiseric1/.linuxbrew/Cellar/gcc/5.5.0_7/bin/../libexec/gcc/x86_64-unknown-linux-gnu/5.5.0/lto-wrapper -plugin-opt=-fresolution=/tmp/ccf4GDvi.res -plugin-opt=-pass-through=-lgcc_s -plugin-opt=-pass-through=-lgcc -plugin-opt=-pass-through=-lc -plugin-opt=-pass-through=-lgcc_s -plugin-opt=-pass-through=-lgcc --eh-frame-hdr -m elf_x86_64 -export-dynamic -dynamic-linker /lib64/ld-linux-x86-64.so.2 --dynamic-linker /home/hiseric1/.linuxbrew/lib/ld.so -rpath /home/hiseric1/.linuxbrew/lib -o cmTC_15506 /home/hiseric1/.linuxbrew/Cellar/gcc/5.5.0_7/bin/../lib/gcc/x86_64-unknown-linux-gnu/5.5.0/crt1.o /home/hiseric1/.linuxbrew/Cellar/gcc/5.5.0_7/bin/../lib/gcc/x86_64-unknown-linux-gnu/5.5.0/crti.o /home/hiseric1/.linuxbrew/Cellar/gcc/5.5.0_7/bin/../lib/gcc/x86_64-unknown-linux-gnu/5.5.0/crtbegin.o -L/home/hiseric1/.linuxbrew/Cellar/gcc/5.5.0_7/bin/../lib/gcc/x86_64-unknown-linux-gnu/5.5.0 -L/home/hiseric1/.linuxbrew/Cellar/gcc/5.5.0_7/bin/../lib/gcc -L/home/hiseric1/.linuxbrew/Cellar/gcc/5.5.0_7/bin/../lib/gcc/x86_64-unknown-linux-gnu/5.5.0/../../.. -L/home/hiseric1/.linuxbrew/lib CMakeFiles/cmTC_15506.dir/CMakeCXXCompilerABI.cpp.o -lstdc++ -lm -lgcc_s -lgcc -lc -lgcc_s -lgcc /home/hiseric1/.linuxbrew/Cellar/gcc/5.5.0_7/bin/../lib/gcc/x86_64-unknown-linux-gnu/5.5.0/crtend.o /home/hiseric1/.linuxbrew/Cellar/gcc/5.5.0_7/bin/../lib/gcc/x86_64-unknown-linux-gnu/5.5.0/crtn.o
gmake[1]: Leaving directory '/home/hiseric1/Desktop/DMproject/NussinovDM/src/build/CMakeFiles/CMakeTmp'



Parsed CXX implicit include dir info from above output: rv=done
  found start of include info
  found start of implicit include info
    add: [/home/hiseric1/.linuxbrew/Cellar/gcc/5.5.0_7/bin/../lib/gcc/x86_64-unknown-linux-gnu/5.5.0/../../../../include/c++/5.5.0]
    add: [/home/hiseric1/.linuxbrew/Cellar/gcc/5.5.0_7/bin/../lib/gcc/x86_64-unknown-linux-gnu/5.5.0/../../../../include/c++/5.5.0/x86_64-unknown-linux-gnu]
    add: [/home/hiseric1/.linuxbrew/Cellar/gcc/5.5.0_7/bin/../lib/gcc/x86_64-unknown-linux-gnu/5.5.0/../../../../include/c++/5.5.0/backward]
    add: [/home/hiseric1/.linuxbrew/Cellar/gcc/5.5.0_7/bin/../lib/gcc/x86_64-unknown-linux-gnu/5.5.0/include]
    add: [/home/hiseric1/.linuxbrew/Cellar/gcc/5.5.0_7/bin/../lib/gcc/x86_64-unknown-linux-gnu/5.5.0/include-fixed]
    add: [/home/hiseric1/.linuxbrew/Cellar/gcc/5.5.0_7/bin/../lib/gcc/../../include]
    add: [/home/hiseric1/.linuxbrew/include]
    add: [/usr/include]
  end of search list found
  collapse include dir [/home/hiseric1/.linuxbrew/Cellar/gcc/5.5.0_7/bin/../lib/gcc/x86_64-unknown-linux-gnu/5.5.0/../../../../include/c++/5.5.0] ==> [/home/hiseric1/.linuxbrew/Cellar/gcc/5.5.0_7/include/c++/5.5.0]
  collapse include dir [/home/hiseric1/.linuxbrew/Cellar/gcc/5.5.0_7/bin/../lib/gcc/x86_64-unknown-linux-gnu/5.5.0/../../../../include/c++/5.5.0/x86_64-unknown-linux-gnu] ==> [/home/hiseric1/.linuxbrew/Cellar/gcc/5.5.0_7/include/c++/5.5.0/x86_64-unknown-linux-gnu]
  collapse include dir [/home/hiseric1/.linuxbrew/Cellar/gcc/5.5.0_7/bin/../lib/gcc/x86_64-unknown-linux-gnu/5.5.0/../../../../include/c++/5.5.0/backward] ==> [/home/hiseric1/.linuxbrew/Cellar/gcc/5.5.0_7/include/c++/5.5.0/backward]
  collapse include dir [/home/hiseric1/.linuxbrew/Cellar/gcc/5.5.0_7/bin/../lib/gcc/x86_64-unknown-linux-gnu/5.5.0/include] ==> [/home/hiseric1/.linuxbrew/Cellar/gcc/5.5.0_7/lib/gcc/x86_64-unknown-linux-gnu/5.5.0/include]
  collapse include dir [/home/hiseric1/.linuxbrew/Cellar/gcc/5.5.0_7/bin/../lib/gcc/x86_64-unknown-linux-gnu/5.5.0/include-fixed] ==> [/home/hiseric1/.linuxbrew/Cellar/gcc/5.5.0_7/lib/gcc/x86_64-unknown-linux-gnu/5.5.0/include-fixed]
  collapse include dir [/home/hiseric1/.linuxbrew/Cellar/gcc/5.5.0_7/bin/../lib/gcc/../../include] ==> [/home/hiseric1/.linuxbrew/Cellar/gcc/5.5.0_7/include]
  collapse include dir [/home/hiseric1/.linuxbrew/include] ==> [/home/hiseric1/.linuxbrew/include]
  collapse include dir [/usr/include] ==> [/usr/include]
  implicit include dirs: [/home/hiseric1/.linuxbrew/Cellar/gcc/5.5.0_7/include/c++/5.5.0;/home/hiseric1/.linuxbrew/Cellar/gcc/5.5.0_7/include/c++/5.5.0/x86_64-unknown-linux-gnu;/home/hiseric1/.linuxbrew/Cellar/gcc/5.5.0_7/include/c++/5.5.0/backward;/home/hiseric1/.linuxbrew/Cellar/gcc/5.5.0_7/lib/gcc/x86_64-unknown-linux-gnu/5.5.0/include;/home/hiseric1/.linuxbrew/Cellar/gcc/5.5.0_7/lib/gcc/x86_64-unknown-linux-gnu/5.5.0/include-fixed;/home/hiseric1/.linuxbrew/Cellar/gcc/5.5.0_7/include;/home/hiseric1/.linuxbrew/include;/usr/include]


Parsed CXX implicit link information from above output:
  link line regex: [^( *|.*[/\])(ld|CMAKE_LINK_STARTFILE-NOTFOUND|([^/\]+-)?ld|collect2)[^/\]*( |$)]
  ignore line: [Change Dir: /home/hiseric1/Desktop/DMproject/NussinovDM/src/build/CMakeFiles/CMakeTmp]
  ignore line: []
  ignore line: [Run Build Command(s):/usr/bin/gmake cmTC_15506/fast && /usr/bin/gmake -f CMakeFiles/cmTC_15506.dir/build.make CMakeFiles/cmTC_15506.dir/build]
  ignore line: [gmake[1]: Entering directory '/home/hiseric1/Desktop/DMproject/NussinovDM/src/build/CMakeFiles/CMakeTmp']
  ignore line: [Building CXX object CMakeFiles/cmTC_15506.dir/CMakeCXXCompilerABI.cpp.o]
  ignore line: [/home/hiseric1/.linuxbrew/bin/g++    -v -o CMakeFiles/cmTC_15506.dir/CMakeCXXCompilerABI.cpp.o -c /home/hiseric1/.linuxbrew/Cellar/cmake/3.16.3/share/cmake/Modules/CMakeCXXCompilerABI.cpp]
  ignore line: [Reading specs from /home/hiseric1/.linuxbrew/Cellar/gcc/5.5.0_7/bin/../lib/gcc/x86_64-unknown-linux-gnu/5.5.0/specs]
  ignore line: [COLLECT_GCC=/home/hiseric1/.linuxbrew/bin/g++]
  ignore line: [Target: x86_64-unknown-linux-gnu]
  ignore line: [Configured with: ../configure --prefix=/home/linuxbrew/.linuxbrew/Cellar/gcc/5.5.0_7 --disable-nls --enable-checking=release --enable-languages=c,c++,objc,obj-c++,fortran --program-suffix=-5 --with-gmp=/home/linuxbrew/.linuxbrew/opt/gmp --with-mpfr=/home/linuxbrew/.linuxbrew/opt/mpfr --with-mpc=/home/linuxbrew/.linuxbrew/opt/libmpc --with-pkgversion='Homebrew GCC 5.5.0_7' --with-isl=/home/linuxbrew/.linuxbrew/opt/isl@0.18 --with-bugurl=https://github.com/Homebrew/linuxbrew-core/issues --with-boot-ldflags='-static-libstdc++ -static-libgcc ' --disable-multilib]
  ignore line: [Thread model: posix]
  ignore line: [gcc version 5.5.0 (Homebrew GCC 5.5.0_7) ]
  ignore line: [COLLECT_GCC_OPTIONS='-v' '-o' 'CMakeFiles/cmTC_15506.dir/CMakeCXXCompilerABI.cpp.o' '-c' '-shared-libgcc' '-mtune=generic' '-march=x86-64']
  ignore line: [ /home/hiseric1/.linuxbrew/Cellar/gcc/5.5.0_7/bin/../libexec/gcc/x86_64-unknown-linux-gnu/5.5.0/cc1plus -quiet -v -imultiarch x86_64-linux-gnu -iprefix /home/hiseric1/.linuxbrew/Cellar/gcc/5.5.0_7/bin/../lib/gcc/x86_64-unknown-linux-gnu/5.5.0/ -D_GNU_SOURCE /home/hiseric1/.linuxbrew/Cellar/cmake/3.16.3/share/cmake/Modules/CMakeCXXCompilerABI.cpp -isysroot /home/hiseric1/.linuxbrew/nonexistent -idirafter /home/hiseric1/.linuxbrew/include -idirafter /usr/include/x86_64-linux-gnu -idirafter /usr/include -quiet -dumpbase CMakeCXXCompilerABI.cpp -mtune=generic -march=x86-64 -auxbase-strip CMakeFiles/cmTC_15506.dir/CMakeCXXCompilerABI.cpp.o -version -o /tmp/ccbaljCj.s]
  ignore line: [GNU C++ (Homebrew GCC 5.5.0_7) version 5.5.0 (x86_64-unknown-linux-gnu)]
  ignore line: [	compiled by GNU C version 5.5.0  GMP version 6.1.2  MPFR version 4.0.2  MPC version 1.1.0]
  ignore line: [GGC heuristics: --param ggc-min-expand=100 --param ggc-min-heapsize=131072]
  ignore line: [ignoring nonexistent directory "/home/hiseric1/.linuxbrew/Cellar/gcc/5.5.0_7/bin/../lib/gcc/x86_64-unknown-linux-gnu/5.5.0/../../../../x86_64-unknown-linux-gnu/include"]
  ignore line: [ignoring duplicate directory "/home/hiseric1/.linuxbrew/Cellar/gcc/5.5.0_7/bin/../lib/gcc/../../lib/gcc/x86_64-unknown-linux-gnu/5.5.0/../../../../include/c++/5.5.0"]
  ignore line: [ignoring duplicate directory "/home/hiseric1/.linuxbrew/Cellar/gcc/5.5.0_7/bin/../lib/gcc/../../lib/gcc/x86_64-unknown-linux-gnu/5.5.0/../../../../include/c++/5.5.0/x86_64-unknown-linux-gnu"]
  ignore line: [ignoring duplicate directory "/home/hiseric1/.linuxbrew/Cellar/gcc/5.5.0_7/bin/../lib/gcc/../../lib/gcc/x86_64-unknown-linux-gnu/5.5.0/../../../../include/c++/5.5.0/backward"]
  ignore line: [ignoring duplicate directory "/home/hiseric1/.linuxbrew/Cellar/gcc/5.5.0_7/bin/../lib/gcc/../../lib/gcc/x86_64-unknown-linux-gnu/5.5.0/include"]
  ignore line: [ignoring nonexistent directory "/home/hiseric1/.linuxbrew/nonexistent/usr/local/include/x86_64-linux-gnu"]
  ignore line: [ignoring nonexistent directory "/home/hiseric1/.linuxbrew/nonexistent/usr/local/include"]
  ignore line: [ignoring duplicate directory "/home/hiseric1/.linuxbrew/Cellar/gcc/5.5.0_7/bin/../lib/gcc/../../lib/gcc/x86_64-unknown-linux-gnu/5.5.0/include-fixed"]
  ignore line: [ignoring nonexistent directory "/home/hiseric1/.linuxbrew/Cellar/gcc/5.5.0_7/bin/../lib/gcc/../../lib/gcc/x86_64-unknown-linux-gnu/5.5.0/../../../../x86_64-unknown-linux-gnu/include"]
  ignore line: [ignoring nonexistent directory "/home/hiseric1/.linuxbrew/nonexistent/usr/include/x86_64-linux-gnu"]
  ignore line: [ignoring nonexistent directory "/home/hiseric1/.linuxbrew/nonexistent/usr/include"]
  ignore line: [ignoring nonexistent directory "/usr/include/x86_64-linux-gnu"]
  ignore line: [#include "..." search starts here:]
  ignore line: [#include <...> search starts here:]
  ignore line: [ /home/hiseric1/.linuxbrew/Cellar/gcc/5.5.0_7/bin/../lib/gcc/x86_64-unknown-linux-gnu/5.5.0/../../../../include/c++/5.5.0]
  ignore line: [ /home/hiseric1/.linuxbrew/Cellar/gcc/5.5.0_7/bin/../lib/gcc/x86_64-unknown-linux-gnu/5.5.0/../../../../include/c++/5.5.0/x86_64-unknown-linux-gnu]
  ignore line: [ /home/hiseric1/.linuxbrew/Cellar/gcc/5.5.0_7/bin/../lib/gcc/x86_64-unknown-linux-gnu/5.5.0/../../../../include/c++/5.5.0/backward]
  ignore line: [ /home/hiseric1/.linuxbrew/Cellar/gcc/5.5.0_7/bin/../lib/gcc/x86_64-unknown-linux-gnu/5.5.0/include]
  ignore line: [ /home/hiseric1/.linuxbrew/Cellar/gcc/5.5.0_7/bin/../lib/gcc/x86_64-unknown-linux-gnu/5.5.0/include-fixed]
  ignore line: [ /home/hiseric1/.linuxbrew/Cellar/gcc/5.5.0_7/bin/../lib/gcc/../../include]
  ignore line: [ /home/hiseric1/.linuxbrew/include]
  ignore line: [ /usr/include]
  ignore line: [End of search list.]
  ignore line: [GNU C++ (Homebrew GCC 5.5.0_7) version 5.5.0 (x86_64-unknown-linux-gnu)]
  ignore line: [	compiled by GNU C version 5.5.0  GMP version 6.1.2  MPFR version 4.0.2  MPC version 1.1.0]
  ignore line: [GGC heuristics: --param ggc-min-expand=100 --param ggc-min-heapsize=131072]
  ignore line: [Compiler executable checksum: 921c3ddeb76fb3b719bb77912d222fe5]
  ignore line: [COLLECT_GCC_OPTIONS='-v' '-o' 'CMakeFiles/cmTC_15506.dir/CMakeCXXCompilerABI.cpp.o' '-c' '-shared-libgcc' '-mtune=generic' '-march=x86-64']
  ignore line: [ as -v --64 -o CMakeFiles/cmTC_15506.dir/CMakeCXXCompilerABI.cpp.o /tmp/ccbaljCj.s]
  ignore line: [GNU assembler version 2.33.1 (x86_64-pc-linux-gnu) using BFD version (GNU Binutils) 2.33.1]
  ignore line: [COMPILER_PATH=/home/hiseric1/.linuxbrew/Cellar/gcc/5.5.0_7/bin/../libexec/gcc/x86_64-unknown-linux-gnu/5.5.0/:/home/hiseric1/.linuxbrew/Cellar/gcc/5.5.0_7/bin/../libexec/gcc/]
  ignore line: [LIBRARY_PATH=/home/hiseric1/.linuxbrew/Cellar/gcc/5.5.0_7/bin/../lib/gcc/x86_64-unknown-linux-gnu/5.5.0/:/home/hiseric1/.linuxbrew/Cellar/gcc/5.5.0_7/bin/../lib/gcc/:/home/hiseric1/.linuxbrew/Cellar/gcc/5.5.0_7/bin/../lib/gcc/x86_64-unknown-linux-gnu/5.5.0/../../../:/lib/:/usr/lib/]
  ignore line: [COLLECT_GCC_OPTIONS='-v' '-o' 'CMakeFiles/cmTC_15506.dir/CMakeCXXCompilerABI.cpp.o' '-c' '-shared-libgcc' '-mtune=generic' '-march=x86-64']
  ignore line: [Linking CXX executable cmTC_15506]
  ignore line: [/home/hiseric1/.linuxbrew/Cellar/cmake/3.16.3/bin/cmake -E cmake_link_script CMakeFiles/cmTC_15506.dir/link.txt --verbose=1]
  ignore line: [/home/hiseric1/.linuxbrew/bin/g++      -v -rdynamic CMakeFiles/cmTC_15506.dir/CMakeCXXCompilerABI.cpp.o  -o cmTC_15506 ]
  ignore line: [Reading specs from /home/hiseric1/.linuxbrew/Cellar/gcc/5.5.0_7/bin/../lib/gcc/x86_64-unknown-linux-gnu/5.5.0/specs]
  ignore line: [COLLECT_GCC=/home/hiseric1/.linuxbrew/bin/g++]
  ignore line: [COLLECT_LTO_WRAPPER=/home/hiseric1/.linuxbrew/Cellar/gcc/5.5.0_7/bin/../libexec/gcc/x86_64-unknown-linux-gnu/5.5.0/lto-wrapper]
  ignore line: [Target: x86_64-unknown-linux-gnu]
  ignore line: [Configured with: ../configure --prefix=/home/linuxbrew/.linuxbrew/Cellar/gcc/5.5.0_7 --disable-nls --enable-checking=release --enable-languages=c,c++,objc,obj-c++,fortran --program-suffix=-5 --with-gmp=/home/linuxbrew/.linuxbrew/opt/gmp --with-mpfr=/home/linuxbrew/.linuxbrew/opt/mpfr --with-mpc=/home/linuxbrew/.linuxbrew/opt/libmpc --with-pkgversion='Homebrew GCC 5.5.0_7' --with-isl=/home/linuxbrew/.linuxbrew/opt/isl@0.18 --with-bugurl=https://github.com/Homebrew/linuxbrew-core/issues --with-boot-ldflags='-static-libstdc++ -static-libgcc ' --disable-multilib]
  ignore line: [Thread model: posix]
  ignore line: [gcc version 5.5.0 (Homebrew GCC 5.5.0_7) ]
  ignore line: [COMPILER_PATH=/home/hiseric1/.linuxbrew/Cellar/gcc/5.5.0_7/bin/../libexec/gcc/x86_64-unknown-linux-gnu/5.5.0/:/home/hiseric1/.linuxbrew/Cellar/gcc/5.5.0_7/bin/../libexec/gcc/]
  ignore line: [LIBRARY_PATH=/home/hiseric1/.linuxbrew/Cellar/gcc/5.5.0_7/bin/../lib/gcc/x86_64-unknown-linux-gnu/5.5.0/:/home/hiseric1/.linuxbrew/Cellar/gcc/5.5.0_7/bin/../lib/gcc/:/home/hiseric1/.linuxbrew/Cellar/gcc/5.5.0_7/bin/../lib/gcc/x86_64-unknown-linux-gnu/5.5.0/../../../:/lib/:/usr/lib/]
  ignore line: [COLLECT_GCC_OPTIONS='-v' '-rdynamic' '-o' 'cmTC_15506' '-shared-libgcc' '-mtune=generic' '-march=x86-64']
  link line: [ /home/hiseric1/.linuxbrew/Cellar/gcc/5.5.0_7/bin/../libexec/gcc/x86_64-unknown-linux-gnu/5.5.0/collect2 -plugin /home/hiseric1/.linuxbrew/Cellar/gcc/5.5.0_7/bin/../libexec/gcc/x86_64-unknown-linux-gnu/5.5.0/liblto_plugin.so -plugin-opt=/home/hiseric1/.linuxbrew/Cellar/gcc/5.5.0_7/bin/../libexec/gcc/x86_64-unknown-linux-gnu/5.5.0/lto-wrapper -plugin-opt=-fresolution=/tmp/ccf4GDvi.res -plugin-opt=-pass-through=-lgcc_s -plugin-opt=-pass-through=-lgcc -plugin-opt=-pass-through=-lc -plugin-opt=-pass-through=-lgcc_s -plugin-opt=-pass-through=-lgcc --eh-frame-hdr -m elf_x86_64 -export-dynamic -dynamic-linker /lib64/ld-linux-x86-64.so.2 --dynamic-linker /home/hiseric1/.linuxbrew/lib/ld.so -rpath /home/hiseric1/.linuxbrew/lib -o cmTC_15506 /home/hiseric1/.linuxbrew/Cellar/gcc/5.5.0_7/bin/../lib/gcc/x86_64-unknown-linux-gnu/5.5.0/crt1.o /home/hiseric1/.linuxbrew/Cellar/gcc/5.5.0_7/bin/../lib/gcc/x86_64-unknown-linux-gnu/5.5.0/crti.o /home/hiseric1/.linuxbrew/Cellar/gcc/5.5.0_7/bin/../lib/gcc/x86_64-unknown-linux-gnu/5.5.0/crtbegin.o -L/home/hiseric1/.linuxbrew/Cellar/gcc/5.5.0_7/bin/../lib/gcc/x86_64-unknown-linux-gnu/5.5.0 -L/home/hiseric1/.linuxbrew/Cellar/gcc/5.5.0_7/bin/../lib/gcc -L/home/hiseric1/.linuxbrew/Cellar/gcc/5.5.0_7/bin/../lib/gcc/x86_64-unknown-linux-gnu/5.5.0/../../.. -L/home/hiseric1/.linuxbrew/lib CMakeFiles/cmTC_15506.dir/CMakeCXXCompilerABI.cpp.o -lstdc++ -lm -lgcc_s -lgcc -lc -lgcc_s -lgcc /home/hiseric1/.linuxbrew/Cellar/gcc/5.5.0_7/bin/../lib/gcc/x86_64-unknown-linux-gnu/5.5.0/crtend.o /home/hiseric1/.linuxbrew/Cellar/gcc/5.5.0_7/bin/../lib/gcc/x86_64-unknown-linux-gnu/5.5.0/crtn.o]
    arg [/home/hiseric1/.linuxbrew/Cellar/gcc/5.5.0_7/bin/../libexec/gcc/x86_64-unknown-linux-gnu/5.5.0/collect2] ==> ignore
    arg [-plugin] ==> ignore
    arg [/home/hiseric1/.linuxbrew/Cellar/gcc/5.5.0_7/bin/../libexec/gcc/x86_64-unknown-linux-gnu/5.5.0/liblto_plugin.so] ==> ignore
    arg [-plugin-opt=/home/hiseric1/.linuxbrew/Cellar/gcc/5.5.0_7/bin/../libexec/gcc/x86_64-unknown-linux-gnu/5.5.0/lto-wrapper] ==> ignore
    arg [-plugin-opt=-fresolution=/tmp/ccf4GDvi.res] ==> ignore
    arg [-plugin-opt=-pass-through=-lgcc_s] ==> ignore
    arg [-plugin-opt=-pass-through=-lgcc] ==> ignore
    arg [-plugin-opt=-pass-through=-lc] ==> ignore
    arg [-plugin-opt=-pass-through=-lgcc_s] ==> ignore
    arg [-plugin-opt=-pass-through=-lgcc] ==> ignore
    arg [--eh-frame-hdr] ==> ignore
    arg [-m] ==> ignore
    arg [elf_x86_64] ==> ignore
    arg [-export-dynamic] ==> ignore
    arg [-dynamic-linker] ==> ignore
    arg [/lib64/ld-linux-x86-64.so.2] ==> ignore
    arg [--dynamic-linker] ==> ignore
    arg [/home/hiseric1/.linuxbrew/lib/ld.so] ==> ignore
    arg [-rpath] ==> ignore
    arg [/home/hiseric1/.linuxbrew/lib] ==> ignore
    arg [-o] ==> ignore
    arg [cmTC_15506] ==> ignore
    arg [/home/hiseric1/.linuxbrew/Cellar/gcc/5.5.0_7/bin/../lib/gcc/x86_64-unknown-linux-gnu/5.5.0/crt1.o] ==> ignore
    arg [/home/hiseric1/.linuxbrew/Cellar/gcc/5.5.0_7/bin/../lib/gcc/x86_64-unknown-linux-gnu/5.5.0/crti.o] ==> ignore
    arg [/home/hiseric1/.linuxbrew/Cellar/gcc/5.5.0_7/bin/../lib/gcc/x86_64-unknown-linux-gnu/5.5.0/crtbegin.o] ==> ignore
    arg [-L/home/hiseric1/.linuxbrew/Cellar/gcc/5.5.0_7/bin/../lib/gcc/x86_64-unknown-linux-gnu/5.5.0] ==> dir [/home/hiseric1/.linuxbrew/Cellar/gcc/5.5.0_7/bin/../lib/gcc/x86_64-unknown-linux-gnu/5.5.0]
    arg [-L/home/hiseric1/.linuxbrew/Cellar/gcc/5.5.0_7/bin/../lib/gcc] ==> dir [/home/hiseric1/.linuxbrew/Cellar/gcc/5.5.0_7/bin/../lib/gcc]
    arg [-L/home/hiseric1/.linuxbrew/Cellar/gcc/5.5.0_7/bin/../lib/gcc/x86_64-unknown-linux-gnu/5.5.0/../../..] ==> dir [/home/hiseric1/.linuxbrew/Cellar/gcc/5.5.0_7/bin/../lib/gcc/x86_64-unknown-linux-gnu/5.5.0/../../..]
    arg [-L/home/hiseric1/.linuxbrew/lib] ==> dir [/home/hiseric1/.linuxbrew/lib]
    arg [CMakeFiles/cmTC_15506.dir/CMakeCXXCompilerABI.cpp.o] ==> ignore
    arg [-lstdc++] ==> lib [stdc++]
    arg [-lm] ==> lib [m]
    arg [-lgcc_s] ==> lib [gcc_s]
    arg [-lgcc] ==> lib [gcc]
    arg [-lc] ==> lib [c]
    arg [-lgcc_s] ==> lib [gcc_s]
    arg [-lgcc] ==> lib [gcc]
    arg [/home/hiseric1/.linuxbrew/Cellar/gcc/5.5.0_7/bin/../lib/gcc/x86_64-unknown-linux-gnu/5.5.0/crtend.o] ==> ignore
    arg [/home/hiseric1/.linuxbrew/Cellar/gcc/5.5.0_7/bin/../lib/gcc/x86_64-unknown-linux-gnu/5.5.0/crtn.o] ==> ignore
  collapse library dir [/home/hiseric1/.linuxbrew/Cellar/gcc/5.5.0_7/bin/../lib/gcc/x86_64-unknown-linux-gnu/5.5.0] ==> [/home/hiseric1/.linuxbrew/Cellar/gcc/5.5.0_7/lib/gcc/x86_64-unknown-linux-gnu/5.5.0]
  collapse library dir [/home/hiseric1/.linuxbrew/Cellar/gcc/5.5.0_7/bin/../lib/gcc] ==> [/home/hiseric1/.linuxbrew/Cellar/gcc/5.5.0_7/lib/gcc]
  collapse library dir [/home/hiseric1/.linuxbrew/Cellar/gcc/5.5.0_7/bin/../lib/gcc/x86_64-unknown-linux-gnu/5.5.0/../../..] ==> [/home/hiseric1/.linuxbrew/Cellar/gcc/5.5.0_7/lib]
  collapse library dir [/home/hiseric1/.linuxbrew/lib] ==> [/home/hiseric1/.linuxbrew/lib]
  implicit libs: [stdc++;m;gcc_s;gcc;c;gcc_s;gcc]
  implicit dirs: [/home/hiseric1/.linuxbrew/Cellar/gcc/5.5.0_7/lib/gcc/x86_64-unknown-linux-gnu/5.5.0;/home/hiseric1/.linuxbrew/Cellar/gcc/5.5.0_7/lib/gcc;/home/hiseric1/.linuxbrew/Cellar/gcc/5.5.0_7/lib;/home/hiseric1/.linuxbrew/lib]
  implicit fwks: []


